<?xml version="1.0" encoding="UTF-8"?>
<testsuite xmlns:xsi="http://www.w3.org/2001/XMLSchema-instance" xsi:schemaLocation="https://maven.apache.org/surefire/maven-surefire-plugin/xsd/surefire-test-report.xsd" name="TestDelectable" time="0.788" tests="39" errors="0" skipped="0" failures="0">
  <properties>
[...]
</properties>
  <testcase name="test10_test_is_surcharge_set_should_be_false" classname="TestDelectable" time="0.008"/>
  <testcase name="test11_test_menu_with_no_pre_value" classname="TestDelectable" time="0"/>
  <testcase name="test12_test_menu_with_three_added_item" classname="TestDelectable" time="0.039"/>
  <testcase name="test13_test_menu_get_item_by_id_isNil" classname="TestDelectable" time="0"/>
  <testcase name="test14_test_add_menu_item_with_invalid_price" classname="TestDelectable" time="0"/>
  <testcase name="test15_test_add_menu_item_with_invalid_minimum_count" classname="TestDelectable" time="0.001"/>
  <testcase name="test16_test_add_menu_item_with_invalid_price_and_minimum_person" classname="TestDelectable" time="0.001"/>
  <testcase name="test17_update_menu_item_with_price" classname="TestDelectable" time="0"/>
  <testcase name="test18_update_menu_item_with_invalid_price" classname="TestDelectable" time="0"/>
  <testcase name="test19_test_surcharge_before_set" classname="TestDelectable" time="0"/>
  <testcase name="test20_test_add_surcharge" classname="TestDelectable" time="0"/>
  <testcase name="test21_test_order_with_no_pre_value" classname="TestDelectable" time="0.002"/>
  <testcase name="test22_test_customer_with_no_pre_value" classname="TestDelectable" time="0.007"/>
  <testcase name="test23_test_order_with_six_added_order" classname="TestDelectable" time="0.009"/>
  <testcase name="test24_test_order_get_order_by_id_isNil" classname="TestDelectable" time="0"/>
  <testcase name="test25_test_order_with_invalid_order_detail_invalid_item_id" classname="TestDelectable" time="0"/>
  <testcase name="test26_test_order_with_invalid_order_detail_invalid_item_count" classname="TestDelectable" time="0.001"/>
  <testcase name="test27_test_order_with_invalid_order_detail_invalid_item_id_and_count" classname="TestDelectable" time="0"/>
  <testcase name="test28_test_customer_with_added_customer" classname="TestDelectable" time="0"/>
  <testcase name="test29_test_customer_get_customer_by_id_isNil" classname="TestDelectable" time="0"/>
  <testcase name="test30_test_customer_known_alias" classname="TestDelectable" time="0.001"/>
  <testcase name="test31_test_customer_get_all_customer_with_query_string" classname="TestDelectable" time="0.001"/>
  <testcase name="test32_order_cancel_order" classname="TestDelectable" time="0"/>
  <testcase name="test33_admin_change_order_delivery_status" classname="TestDelectable" time="0.001"/>
  <testcase name="test34_customer_get_customer_order_history" classname="TestDelectable" time="0"/>
  <testcase name="test35_admin_check_order_isNil" classname="TestDelectable" time="0"/>
  <testcase name="test36_get_all_order_by_date_query_string" classname="TestDelectable" time="0.004"/>
  <testcase name="test37_report_get_four_report_list" classname="TestDelectable" time="0.001"/>
  <testcase name="test38_report_check_for_null_report" classname="TestDelectable" time="0"/>
  <testcase name="test39_report_get_report_801_today_with_and_without_query_string" classname="TestDelectable" time="0.01"/>
  <testcase name="test40_report_get_report_802_tomorrow_with_and_without_query_string" classname="TestDelectable" time="0.008"/>
  <testcase name="test41_report_get_report_804_delivery_with_and_without_query_string" classname="TestDelectable" time="0.045"/>
  <testcase name="test42_report_get_report_803_revenue_with_and_without_query_string" classname="TestDelectable" time="0.036"/>
  <testcase name="test43_test_order_getter_methods" classname="TestDelectable" time="0"/>
  <testcase name="test44_test_report_name" classname="TestDelectable" time="0"/>
  <testcase name="test45_test_menu_item_getter_methods" classname="TestDelectable" time="0"/>
  <testcase name="test46_test_cancel_order_for_today" classname="TestDelectable" time="0"/>
  <testcase name="test47_test_cateogry" classname="TestDelectable" time="0"/>
  <testcase name="test48_create_personalInfo_orderDetail_with_blank_constructor" classname="TestDelectable" time="0"/>
</testsuite>